<?xml version="1.0" encoding="UTF-8"?>
<!-- Generated by org.testng.reporters.JUnitReportReporter -->
<testsuite hostname="DESKTOP-JI70QVB" failures="0" tests="1" name="com.qa.testcases.BikesPageTest" time="30.061" errors="0" timestamp="27 Jun 2023 12:09:03 GMT" skipped="0">
  <testcase classname="com.qa.testcases.BikesPageTest" name="ClickingOnTVSBikeLogo" time="30.061"/>
</testsuite> <!-- com.qa.testcases.BikesPageTest -->
