<?xml version="1.0" encoding="UTF-8"?>
<!-- Generated by org.testng.reporters.JUnitReportReporter -->
<testsuite hostname="DESKTOP-JI70QVB" failures="0" tests="3" name="com.qa.testcases.HomePageTest" time="282.453" errors="0" timestamp="27 Jun 2023 12:09:03 GMT" skipped="0">
  <testcase classname="com.qa.testcases.HomePageTest" name="SearchingForAutomobileMethod" time="42.175"/>
  <testcase classname="com.qa.testcases.HomePageTest" name="FindForBikeMethod" time="133.109"/>
  <testcase classname="com.qa.testcases.HomePageTest" name="FindforACarMethod" time="107.169"/>
</testsuite> <!-- com.qa.testcases.HomePageTest -->
