<?xml version="1.0" encoding="UTF-8"?>
<!-- Generated by org.testng.reporters.JUnitReportReporter -->
<testsuite hostname="DESKTOP-JI70QVB" failures="0" tests="6" name="com.qa.testcases.HomePageTest" time="225.685" errors="0" timestamp="03 Jul 2023 11:44:59 GMT" skipped="0">
  <testcase classname="com.qa.testcases.HomePageTest" name="SearchingForAutomobileMethod" time="39.023"/>
  <testcase classname="com.qa.testcases.HomePageTest" name="SearchingForAutomobileMethod" time="28.506"/>
  <testcase classname="com.qa.testcases.HomePageTest" name="SearchingForAutomobileMethod" time="49.279"/>
  <testcase classname="com.qa.testcases.HomePageTest" name="SearchingForAutomobileMethod" time="33.741"/>
  <testcase classname="com.qa.testcases.HomePageTest" name="FindforACarMethod" time="27.330"/>
  <testcase classname="com.qa.testcases.HomePageTest" name="FindForBikeMethod" time="47.806"/>
</testsuite> <!-- com.qa.testcases.HomePageTest -->
