<?xml version="1.0" encoding="UTF-8"?>
<!-- Generated by org.testng.reporters.JUnitReportReporter -->
<testsuite hostname="DESKTOP-JI70QVB" failures="0" tests="3" name="com.qa.testcases.HomePageTest" time="95.380" errors="0" timestamp="27 Jun 2023 08:09:24 GMT" skipped="0">
  <testcase classname="com.qa.testcases.HomePageTest" name="FindforACarMethod" time="59.704"/>
  <testcase classname="com.qa.testcases.HomePageTest" name="FindForBikeMethod" time="20.849"/>
  <testcase classname="com.qa.testcases.HomePageTest" name="SearchingForAutomobileMethod" time="14.827"/>
</testsuite> <!-- com.qa.testcases.HomePageTest -->
